<?xml version="1.0" encoding="UTF-8"?>
<!-- Generated by org.testng.reporters.JUnitReportReporter -->
<testsuite hostname="Shadman-IT" failures="0" tests="3" name="ui.SkipDemoTest" time="0.008" errors="0" timestamp="2023-04-17T15:32:07 BDT" skipped="3">
  <testcase classname="ui.SkipDemoTest" name="skiptest2" time="0.007">
    <skipped/>
  </testcase> <!-- skiptest2 -->
  <system-out/>
  <testcase classname="ui.SkipDemoTest" name="skiptest3" time="0.001">
    <skipped/>
  </testcase> <!-- skiptest3 -->
  <system-out/>
  <testcase classname="ui.SkipDemoTest" name="skiptest1">
    <skipped/>
  </testcase> <!-- skiptest1 -->
  <system-out/>
</testsuite> <!-- ui.SkipDemoTest -->
