<?xml version="1.0" encoding="UTF-8"?>
<!-- Generated by org.testng.reporters.JUnitReportReporter -->
<testsuite hostname="Shadman-IT" failures="0" tests="4" name="ui.LoginTest" time="0.007" errors="0" timestamp="2023-04-14T00:11:12 BDT" skipped="0">
  <testcase classname="ui.LoginTest" name="aTest1" time="0.003"/>
  <system-out/>
  <testcase classname="ui.LoginTest" name="aTest1" time="0.001"/>
  <system-out/>
  <testcase classname="ui.LoginTest" name="aTest2" time="0.001"/>
  <system-out/>
  <testcase classname="ui.LoginTest" name="aTest2" time="0.002"/>
  <system-out/>
</testsuite> <!-- ui.LoginTest -->
