<?xml version="1.0" encoding="UTF-8"?>
<!-- Generated by org.testng.reporters.JUnitReportReporter -->
<testsuite hostname="Shadman-IT" failures="0" tests="3" name="ui.GroupsDemoTest" time="0.005" errors="0" timestamp="2023-04-14T00:17:40 BDT" skipped="0">
  <testcase classname="ui.GroupsDemoTest" name="bTest3" time="0.005"/>
  <system-out/>
  <testcase classname="ui.GroupsDemoTest" name="aTest1" time="0.000"/>
  <system-out/>
  <testcase classname="ui.GroupsDemoTest" name="bTest2" time="0.000"/>
  <system-out/>
</testsuite> <!-- ui.GroupsDemoTest -->
