<?xml version="1.0" encoding="UTF-8"?>
<!-- Generated by org.testng.reporters.JUnitReportReporter -->
<testsuite hostname="Shadman-IT" failures="0" tests="1" name="ui.VerifyTitleTest" time="5.023" errors="0" timestamp="2023-04-14T00:11:12 BDT" skipped="0">
  <testcase classname="ui.VerifyTitleTest" name="titleTest" time="5.023"/>
  <system-out/>
</testsuite> <!-- ui.VerifyTitleTest -->
