<?xml version="1.0" encoding="UTF-8"?>
<!-- Generated by org.testng.reporters.JUnitReportReporter -->
<testsuite hostname="Shadman-IT" failures="0" tests="1" name="ui.VerifyTitleAndTextTest" time="5.931" errors="0" timestamp="2023-04-14T00:11:12 BDT" skipped="0">
  <testcase classname="ui.VerifyTitleAndTextTest" name="titleTest" time="5.931"/>
  <system-out/>
</testsuite> <!-- ui.VerifyTitleAndTextTest -->
